2017-03-28 01:45:39,271 ERROR    root            (gcloud) too few arguments
2017-03-28 01:45:39,292 DEBUG    root            Loaded Command Group: ['gcloud', 'info']
2017-03-28 01:45:39,295 DEBUG    root            Loaded Command Group: ['gcloud', 'feedback']
2017-03-28 01:45:39,300 DEBUG    root            Loaded Command Group: ['gcloud', 'app']
2017-03-28 01:45:39,307 DEBUG    root            Loaded Command Group: ['gcloud', 'topic']
2017-03-28 01:45:39,309 DEBUG    root            Loaded Command Group: ['gcloud', 'meta']
2017-03-28 01:45:39,312 DEBUG    root            Loaded Command Group: ['gcloud', 'datastore']
2017-03-28 01:45:39,314 DEBUG    root            Loaded Command Group: ['gcloud', 'help']
2017-03-28 01:45:39,322 DEBUG    root            Loaded Command Group: ['gcloud', 'iam']
2017-03-28 01:45:39,327 DEBUG    root            No implementation for release track [GA] in file: [/usr/lib/google-cloud-sdk/lib/surface/genomics/__init__.pyc]
2017-03-28 01:45:39,329 DEBUG    root            No implementation for release track [GA] in file: [/usr/lib/google-cloud-sdk/lib/surface/functions/__init__.pyc]
2017-03-28 01:45:39,379 DEBUG    root            Loaded Command Group: ['gcloud', 'container']
2017-03-28 01:45:39,399 DEBUG    root            No implementation for release track [GA] in file: [/usr/lib/google-cloud-sdk/lib/surface/billing/__init__.pyc]
2017-03-28 01:45:39,432 DEBUG    root            Loaded Command Group: ['gcloud', 'source']
2017-03-28 01:45:39,455 DEBUG    root            Loaded Command Group: ['gcloud', 'init']
2017-03-28 01:45:39,457 DEBUG    root            Loaded Command Group: ['gcloud', 'version']
2017-03-28 01:45:39,461 DEBUG    root            No implementation for release track [GA] in file: [/usr/lib/google-cloud-sdk/lib/surface/kms/__init__.pyc]
2017-03-28 01:45:39,463 DEBUG    root            Loaded Command Group: ['gcloud', 'projects']
2017-03-28 01:45:39,465 DEBUG    root            Loaded Command Group: ['gcloud', 'dns']
2017-03-28 01:45:39,472 DEBUG    root            No implementation for release track [GA] in file: [/usr/lib/google-cloud-sdk/lib/surface/test/__init__.pyc]
2017-03-28 01:45:39,474 DEBUG    root            Loaded Command Group: ['gcloud', 'config']
2017-03-28 01:45:39,479 DEBUG    root            No implementation for release track [GA] in file: [/usr/lib/google-cloud-sdk/lib/surface/pubsub/__init__.pyc]
2017-03-28 01:45:39,482 DEBUG    root            No implementation for release track [GA] in file: [/usr/lib/google-cloud-sdk/lib/surface/bio/__init__.pyc]
2017-03-28 01:45:39,486 DEBUG    root            No implementation for release track [GA] in file: [/usr/lib/google-cloud-sdk/lib/surface/error_reporting/__init__.pyc]
2017-03-28 01:45:39,489 DEBUG    root            No implementation for release track [GA] in file: [/usr/lib/google-cloud-sdk/lib/surface/service_registry/__init__.pyc]
2017-03-28 01:45:39,493 DEBUG    root            Loaded Command Group: ['gcloud', 'dataproc']
2017-03-28 01:45:39,497 DEBUG    root            No implementation for release track [GA] in file: [/usr/lib/google-cloud-sdk/lib/surface/emulators/__init__.pyc]
2017-03-28 01:45:39,498 DEBUG    root            Loaded Command Group: ['gcloud', 'auth']
2017-03-28 01:45:39,508 DEBUG    root            No implementation for release track [GA] in file: [/usr/lib/google-cloud-sdk/lib/surface/search_help.pyc]
2017-03-28 01:45:39,510 DEBUG    root            Loaded Command Group: ['gcloud', 'sql']
2017-03-28 01:45:39,517 DEBUG    root            No implementation for release track [GA] in file: [/usr/lib/google-cloud-sdk/lib/surface/logging/__init__.pyc]
2017-03-28 01:45:39,518 DEBUG    root            No implementation for release track [GA] in file: [/usr/lib/google-cloud-sdk/lib/surface/bigtable/__init__.pyc]
2017-03-28 01:45:39,519 DEBUG    root            No implementation for release track [GA] in file: [/usr/lib/google-cloud-sdk/lib/surface/resource_manager/__init__.pyc]
2017-03-28 01:45:39,521 DEBUG    root            Loaded Command Group: ['gcloud', 'organizations']
2017-03-28 01:45:39,522 DEBUG    root            Loaded Command Group: ['gcloud', 'compute']
2017-03-28 01:45:39,525 DEBUG    root            Loaded Command Group: ['gcloud', 'service_management']
2017-03-28 01:45:39,530 DEBUG    root            Loaded Command Group: ['gcloud', 'dataflow']
2017-03-28 01:45:39,536 DEBUG    root            No implementation for release track [GA] in file: [/usr/lib/google-cloud-sdk/lib/surface/ml/__init__.pyc]
2017-03-28 01:45:39,537 DEBUG    root            Loaded Command Group: ['gcloud', 'components']
2017-03-28 01:45:39,540 DEBUG    root            Loaded Command Group: ['gcloud', 'debug']
2017-03-28 01:45:39,546 DEBUG    root            Loaded Command Group: ['gcloud', 'docker']
2017-03-28 01:45:39,562 DEBUG    root            Loaded Command Group: ['gcloud', 'deployment_manager']
2017-03-28 01:45:39,580 DEBUG    root            Metrics reporting process started...
