2017-03-27 23:39:07,929 DEBUG    root            Loaded Command Group: ['gcloud', 'info']
2017-03-27 23:39:07,930 DEBUG    root            Loaded Command Group: ['gcloud', 'feedback']
2017-03-27 23:39:07,931 DEBUG    root            Loaded Command Group: ['gcloud', 'app']
2017-03-27 23:39:07,933 DEBUG    root            Loaded Command Group: ['gcloud', 'topic']
2017-03-27 23:39:07,934 DEBUG    root            Loaded Command Group: ['gcloud', 'meta']
2017-03-27 23:39:07,935 DEBUG    root            Loaded Command Group: ['gcloud', 'datastore']
2017-03-27 23:39:07,936 DEBUG    root            Loaded Command Group: ['gcloud', 'help']
2017-03-27 23:39:07,937 DEBUG    root            Loaded Command Group: ['gcloud', 'iam']
2017-03-27 23:39:07,938 DEBUG    root            No implementation for release track [GA] in file: [/usr/lib/google-cloud-sdk/lib/surface/genomics/__init__.pyc]
2017-03-27 23:39:07,938 DEBUG    root            No implementation for release track [GA] in file: [/usr/lib/google-cloud-sdk/lib/surface/functions/__init__.pyc]
2017-03-27 23:39:07,961 DEBUG    root            Loaded Command Group: ['gcloud', 'container']
2017-03-27 23:39:07,962 DEBUG    root            No implementation for release track [GA] in file: [/usr/lib/google-cloud-sdk/lib/surface/billing/__init__.pyc]
2017-03-27 23:39:07,974 DEBUG    root            Loaded Command Group: ['gcloud', 'source']
2017-03-27 23:39:07,979 DEBUG    root            Loaded Command Group: ['gcloud', 'init']
2017-03-27 23:39:07,980 DEBUG    root            Loaded Command Group: ['gcloud', 'version']
2017-03-27 23:39:07,981 DEBUG    root            No implementation for release track [GA] in file: [/usr/lib/google-cloud-sdk/lib/surface/kms/__init__.pyc]
2017-03-27 23:39:07,981 DEBUG    root            Loaded Command Group: ['gcloud', 'projects']
2017-03-27 23:39:07,982 DEBUG    root            Loaded Command Group: ['gcloud', 'dns']
2017-03-27 23:39:07,984 DEBUG    root            No implementation for release track [GA] in file: [/usr/lib/google-cloud-sdk/lib/surface/test/__init__.pyc]
2017-03-27 23:39:07,984 DEBUG    root            Loaded Command Group: ['gcloud', 'config']
2017-03-27 23:39:07,986 DEBUG    root            No implementation for release track [GA] in file: [/usr/lib/google-cloud-sdk/lib/surface/pubsub/__init__.pyc]
2017-03-27 23:39:07,986 DEBUG    root            No implementation for release track [GA] in file: [/usr/lib/google-cloud-sdk/lib/surface/bio/__init__.pyc]
2017-03-27 23:39:07,987 DEBUG    root            No implementation for release track [GA] in file: [/usr/lib/google-cloud-sdk/lib/surface/error_reporting/__init__.pyc]
2017-03-27 23:39:07,987 DEBUG    root            No implementation for release track [GA] in file: [/usr/lib/google-cloud-sdk/lib/surface/service_registry/__init__.pyc]
2017-03-27 23:39:07,987 DEBUG    root            Loaded Command Group: ['gcloud', 'dataproc']
2017-03-27 23:39:07,989 DEBUG    root            No implementation for release track [GA] in file: [/usr/lib/google-cloud-sdk/lib/surface/emulators/__init__.pyc]
2017-03-27 23:39:07,989 DEBUG    root            Loaded Command Group: ['gcloud', 'auth']
2017-03-27 23:39:07,990 DEBUG    root            No implementation for release track [GA] in file: [/usr/lib/google-cloud-sdk/lib/surface/search_help.pyc]
2017-03-27 23:39:07,991 DEBUG    root            Loaded Command Group: ['gcloud', 'sql']
2017-03-27 23:39:07,992 DEBUG    root            No implementation for release track [GA] in file: [/usr/lib/google-cloud-sdk/lib/surface/logging/__init__.pyc]
2017-03-27 23:39:07,993 DEBUG    root            No implementation for release track [GA] in file: [/usr/lib/google-cloud-sdk/lib/surface/bigtable/__init__.pyc]
2017-03-27 23:39:07,993 DEBUG    root            No implementation for release track [GA] in file: [/usr/lib/google-cloud-sdk/lib/surface/resource_manager/__init__.pyc]
2017-03-27 23:39:07,993 DEBUG    root            Loaded Command Group: ['gcloud', 'organizations']
2017-03-27 23:39:07,994 DEBUG    root            Loaded Command Group: ['gcloud', 'compute']
2017-03-27 23:39:07,996 DEBUG    root            Loaded Command Group: ['gcloud', 'service_management']
2017-03-27 23:39:07,997 DEBUG    root            Loaded Command Group: ['gcloud', 'dataflow']
2017-03-27 23:39:07,998 DEBUG    root            No implementation for release track [GA] in file: [/usr/lib/google-cloud-sdk/lib/surface/ml/__init__.pyc]
2017-03-27 23:39:07,999 DEBUG    root            Loaded Command Group: ['gcloud', 'components']
2017-03-27 23:39:08,000 DEBUG    root            Loaded Command Group: ['gcloud', 'debug']
2017-03-27 23:39:08,001 DEBUG    root            Loaded Command Group: ['gcloud', 'docker']
2017-03-27 23:39:08,004 DEBUG    root            Loaded Command Group: ['gcloud', 'deployment_manager']
2017-03-27 23:39:08,006 ERROR    root            (gcloud) Invalid choice: 'comput'. Did you mean 'compute'?
2017-03-27 23:39:08,011 DEBUG    root            Metrics reporting process started...
