2017-03-27 23:39:00,797 DEBUG    root            Loaded Command Group: ['gcloud', 'info']
2017-03-27 23:39:00,799 DEBUG    root            Loaded Command Group: ['gcloud', 'feedback']
2017-03-27 23:39:00,800 DEBUG    root            Loaded Command Group: ['gcloud', 'app']
2017-03-27 23:39:00,801 DEBUG    root            Loaded Command Group: ['gcloud', 'topic']
2017-03-27 23:39:00,802 DEBUG    root            Loaded Command Group: ['gcloud', 'meta']
2017-03-27 23:39:00,803 DEBUG    root            Loaded Command Group: ['gcloud', 'datastore']
2017-03-27 23:39:00,804 DEBUG    root            Loaded Command Group: ['gcloud', 'help']
2017-03-27 23:39:00,805 DEBUG    root            Loaded Command Group: ['gcloud', 'iam']
2017-03-27 23:39:00,806 DEBUG    root            No implementation for release track [GA] in file: [/usr/lib/google-cloud-sdk/lib/surface/genomics/__init__.pyc]
2017-03-27 23:39:00,806 DEBUG    root            No implementation for release track [GA] in file: [/usr/lib/google-cloud-sdk/lib/surface/functions/__init__.pyc]
2017-03-27 23:39:00,828 DEBUG    root            Loaded Command Group: ['gcloud', 'container']
2017-03-27 23:39:00,830 DEBUG    root            No implementation for release track [GA] in file: [/usr/lib/google-cloud-sdk/lib/surface/billing/__init__.pyc]
2017-03-27 23:39:00,841 DEBUG    root            Loaded Command Group: ['gcloud', 'source']
2017-03-27 23:39:00,845 DEBUG    root            Loaded Command Group: ['gcloud', 'init']
2017-03-27 23:39:00,846 DEBUG    root            Loaded Command Group: ['gcloud', 'version']
2017-03-27 23:39:00,847 DEBUG    root            No implementation for release track [GA] in file: [/usr/lib/google-cloud-sdk/lib/surface/kms/__init__.pyc]
2017-03-27 23:39:00,848 DEBUG    root            Loaded Command Group: ['gcloud', 'projects']
2017-03-27 23:39:00,849 DEBUG    root            Loaded Command Group: ['gcloud', 'dns']
2017-03-27 23:39:00,850 DEBUG    root            No implementation for release track [GA] in file: [/usr/lib/google-cloud-sdk/lib/surface/test/__init__.pyc]
2017-03-27 23:39:00,851 DEBUG    root            Loaded Command Group: ['gcloud', 'config']
2017-03-27 23:39:00,852 DEBUG    root            No implementation for release track [GA] in file: [/usr/lib/google-cloud-sdk/lib/surface/pubsub/__init__.pyc]
2017-03-27 23:39:00,852 DEBUG    root            No implementation for release track [GA] in file: [/usr/lib/google-cloud-sdk/lib/surface/bio/__init__.pyc]
2017-03-27 23:39:00,853 DEBUG    root            No implementation for release track [GA] in file: [/usr/lib/google-cloud-sdk/lib/surface/error_reporting/__init__.pyc]
2017-03-27 23:39:00,853 DEBUG    root            No implementation for release track [GA] in file: [/usr/lib/google-cloud-sdk/lib/surface/service_registry/__init__.pyc]
2017-03-27 23:39:00,853 DEBUG    root            Loaded Command Group: ['gcloud', 'dataproc']
2017-03-27 23:39:00,854 DEBUG    root            No implementation for release track [GA] in file: [/usr/lib/google-cloud-sdk/lib/surface/emulators/__init__.pyc]
2017-03-27 23:39:00,855 DEBUG    root            Loaded Command Group: ['gcloud', 'auth']
2017-03-27 23:39:00,856 DEBUG    root            No implementation for release track [GA] in file: [/usr/lib/google-cloud-sdk/lib/surface/search_help.pyc]
2017-03-27 23:39:00,857 DEBUG    root            Loaded Command Group: ['gcloud', 'sql']
2017-03-27 23:39:00,858 DEBUG    root            No implementation for release track [GA] in file: [/usr/lib/google-cloud-sdk/lib/surface/logging/__init__.pyc]
2017-03-27 23:39:00,858 DEBUG    root            No implementation for release track [GA] in file: [/usr/lib/google-cloud-sdk/lib/surface/bigtable/__init__.pyc]
2017-03-27 23:39:00,859 DEBUG    root            No implementation for release track [GA] in file: [/usr/lib/google-cloud-sdk/lib/surface/resource_manager/__init__.pyc]
2017-03-27 23:39:00,859 DEBUG    root            Loaded Command Group: ['gcloud', 'organizations']
2017-03-27 23:39:00,860 DEBUG    root            Loaded Command Group: ['gcloud', 'compute']
2017-03-27 23:39:00,862 DEBUG    root            Loaded Command Group: ['gcloud', 'service_management']
2017-03-27 23:39:00,863 DEBUG    root            Loaded Command Group: ['gcloud', 'dataflow']
2017-03-27 23:39:00,864 DEBUG    root            No implementation for release track [GA] in file: [/usr/lib/google-cloud-sdk/lib/surface/ml/__init__.pyc]
2017-03-27 23:39:00,864 DEBUG    root            Loaded Command Group: ['gcloud', 'components']
2017-03-27 23:39:00,866 DEBUG    root            Loaded Command Group: ['gcloud', 'debug']
2017-03-27 23:39:00,867 DEBUG    root            Loaded Command Group: ['gcloud', 'docker']
2017-03-27 23:39:00,870 DEBUG    root            Loaded Command Group: ['gcloud', 'deployment_manager']
2017-03-27 23:39:00,871 ERROR    root            (gcloud) Invalid choice: 'computer'. Did you mean 'compute'?
2017-03-27 23:39:00,877 DEBUG    root            Metrics reporting process started...
