2017-03-27 23:37:40,925 ERROR    root            (gcloud) too few arguments
2017-03-27 23:37:40,934 DEBUG    root            Loaded Command Group: ['gcloud', 'info']
2017-03-27 23:37:40,938 DEBUG    root            Loaded Command Group: ['gcloud', 'feedback']
2017-03-27 23:37:40,942 DEBUG    root            Loaded Command Group: ['gcloud', 'app']
2017-03-27 23:37:40,948 DEBUG    root            Loaded Command Group: ['gcloud', 'topic']
2017-03-27 23:37:40,950 DEBUG    root            Loaded Command Group: ['gcloud', 'meta']
2017-03-27 23:37:40,956 DEBUG    root            Loaded Command Group: ['gcloud', 'datastore']
2017-03-27 23:37:40,958 DEBUG    root            Loaded Command Group: ['gcloud', 'help']
2017-03-27 23:37:40,960 DEBUG    root            Loaded Command Group: ['gcloud', 'iam']
2017-03-27 23:37:40,965 DEBUG    root            No implementation for release track [GA] in file: [/usr/lib/google-cloud-sdk/lib/surface/genomics/__init__.pyc]
2017-03-27 23:37:40,966 DEBUG    root            No implementation for release track [GA] in file: [/usr/lib/google-cloud-sdk/lib/surface/functions/__init__.pyc]
2017-03-27 23:37:41,018 DEBUG    root            Loaded Command Group: ['gcloud', 'container']
2017-03-27 23:37:41,026 DEBUG    root            No implementation for release track [GA] in file: [/usr/lib/google-cloud-sdk/lib/surface/billing/__init__.pyc]
2017-03-27 23:37:41,064 DEBUG    root            Loaded Command Group: ['gcloud', 'source']
2017-03-27 23:37:41,088 DEBUG    root            Loaded Command Group: ['gcloud', 'init']
2017-03-27 23:37:41,090 DEBUG    root            Loaded Command Group: ['gcloud', 'version']
2017-03-27 23:37:41,094 DEBUG    root            No implementation for release track [GA] in file: [/usr/lib/google-cloud-sdk/lib/surface/kms/__init__.pyc]
2017-03-27 23:37:41,095 DEBUG    root            Loaded Command Group: ['gcloud', 'projects']
2017-03-27 23:37:41,097 DEBUG    root            Loaded Command Group: ['gcloud', 'dns']
2017-03-27 23:37:41,103 DEBUG    root            No implementation for release track [GA] in file: [/usr/lib/google-cloud-sdk/lib/surface/test/__init__.pyc]
2017-03-27 23:37:41,105 DEBUG    root            Loaded Command Group: ['gcloud', 'config']
2017-03-27 23:37:41,111 DEBUG    root            No implementation for release track [GA] in file: [/usr/lib/google-cloud-sdk/lib/surface/pubsub/__init__.pyc]
2017-03-27 23:37:41,118 DEBUG    root            No implementation for release track [GA] in file: [/usr/lib/google-cloud-sdk/lib/surface/bio/__init__.pyc]
2017-03-27 23:37:41,121 DEBUG    root            No implementation for release track [GA] in file: [/usr/lib/google-cloud-sdk/lib/surface/error_reporting/__init__.pyc]
2017-03-27 23:37:41,126 DEBUG    root            No implementation for release track [GA] in file: [/usr/lib/google-cloud-sdk/lib/surface/service_registry/__init__.pyc]
2017-03-27 23:37:41,127 DEBUG    root            Loaded Command Group: ['gcloud', 'dataproc']
2017-03-27 23:37:41,131 DEBUG    root            No implementation for release track [GA] in file: [/usr/lib/google-cloud-sdk/lib/surface/emulators/__init__.pyc]
2017-03-27 23:37:41,132 DEBUG    root            Loaded Command Group: ['gcloud', 'auth']
2017-03-27 23:37:41,141 DEBUG    root            No implementation for release track [GA] in file: [/usr/lib/google-cloud-sdk/lib/surface/search_help.pyc]
2017-03-27 23:37:41,143 DEBUG    root            Loaded Command Group: ['gcloud', 'sql']
2017-03-27 23:37:41,149 DEBUG    root            No implementation for release track [GA] in file: [/usr/lib/google-cloud-sdk/lib/surface/logging/__init__.pyc]
2017-03-27 23:37:41,152 DEBUG    root            No implementation for release track [GA] in file: [/usr/lib/google-cloud-sdk/lib/surface/bigtable/__init__.pyc]
2017-03-27 23:37:41,153 DEBUG    root            No implementation for release track [GA] in file: [/usr/lib/google-cloud-sdk/lib/surface/resource_manager/__init__.pyc]
2017-03-27 23:37:41,154 DEBUG    root            Loaded Command Group: ['gcloud', 'organizations']
2017-03-27 23:37:41,157 DEBUG    root            Loaded Command Group: ['gcloud', 'compute']
2017-03-27 23:37:41,181 DEBUG    root            Loaded Command Group: ['gcloud', 'service_management']
2017-03-27 23:37:41,186 DEBUG    root            Loaded Command Group: ['gcloud', 'dataflow']
2017-03-27 23:37:41,189 DEBUG    root            No implementation for release track [GA] in file: [/usr/lib/google-cloud-sdk/lib/surface/ml/__init__.pyc]
2017-03-27 23:37:41,191 DEBUG    root            Loaded Command Group: ['gcloud', 'components']
2017-03-27 23:37:41,193 DEBUG    root            Loaded Command Group: ['gcloud', 'debug']
2017-03-27 23:37:41,199 DEBUG    root            Loaded Command Group: ['gcloud', 'docker']
2017-03-27 23:37:41,201 DEBUG    root            Loaded Command Group: ['gcloud', 'deployment_manager']
2017-03-27 23:37:41,218 DEBUG    root            Metrics reporting process started...
