2017-03-27 23:38:18,171 DEBUG    root            Loaded Command Group: ['gcloud', 'info']
2017-03-27 23:38:18,173 DEBUG    root            Loaded Command Group: ['gcloud', 'feedback']
2017-03-27 23:38:18,174 DEBUG    root            Loaded Command Group: ['gcloud', 'app']
2017-03-27 23:38:18,175 DEBUG    root            Loaded Command Group: ['gcloud', 'topic']
2017-03-27 23:38:18,176 DEBUG    root            Loaded Command Group: ['gcloud', 'meta']
2017-03-27 23:38:18,177 DEBUG    root            Loaded Command Group: ['gcloud', 'datastore']
2017-03-27 23:38:18,178 DEBUG    root            Loaded Command Group: ['gcloud', 'help']
2017-03-27 23:38:18,179 DEBUG    root            Loaded Command Group: ['gcloud', 'iam']
2017-03-27 23:38:18,180 DEBUG    root            No implementation for release track [GA] in file: [/usr/lib/google-cloud-sdk/lib/surface/genomics/__init__.pyc]
2017-03-27 23:38:18,181 DEBUG    root            No implementation for release track [GA] in file: [/usr/lib/google-cloud-sdk/lib/surface/functions/__init__.pyc]
2017-03-27 23:38:18,203 DEBUG    root            Loaded Command Group: ['gcloud', 'container']
2017-03-27 23:38:18,205 DEBUG    root            No implementation for release track [GA] in file: [/usr/lib/google-cloud-sdk/lib/surface/billing/__init__.pyc]
2017-03-27 23:38:18,216 DEBUG    root            Loaded Command Group: ['gcloud', 'source']
2017-03-27 23:38:18,221 DEBUG    root            Loaded Command Group: ['gcloud', 'init']
2017-03-27 23:38:18,222 DEBUG    root            Loaded Command Group: ['gcloud', 'version']
2017-03-27 23:38:18,223 DEBUG    root            No implementation for release track [GA] in file: [/usr/lib/google-cloud-sdk/lib/surface/kms/__init__.pyc]
2017-03-27 23:38:18,223 DEBUG    root            Loaded Command Group: ['gcloud', 'projects']
2017-03-27 23:38:18,224 DEBUG    root            Loaded Command Group: ['gcloud', 'dns']
2017-03-27 23:38:18,226 DEBUG    root            No implementation for release track [GA] in file: [/usr/lib/google-cloud-sdk/lib/surface/test/__init__.pyc]
2017-03-27 23:38:18,226 DEBUG    root            Loaded Command Group: ['gcloud', 'config']
2017-03-27 23:38:18,227 DEBUG    root            No implementation for release track [GA] in file: [/usr/lib/google-cloud-sdk/lib/surface/pubsub/__init__.pyc]
2017-03-27 23:38:18,228 DEBUG    root            No implementation for release track [GA] in file: [/usr/lib/google-cloud-sdk/lib/surface/bio/__init__.pyc]
2017-03-27 23:38:18,228 DEBUG    root            No implementation for release track [GA] in file: [/usr/lib/google-cloud-sdk/lib/surface/error_reporting/__init__.pyc]
2017-03-27 23:38:18,229 DEBUG    root            No implementation for release track [GA] in file: [/usr/lib/google-cloud-sdk/lib/surface/service_registry/__init__.pyc]
2017-03-27 23:38:18,229 DEBUG    root            Loaded Command Group: ['gcloud', 'dataproc']
2017-03-27 23:38:18,230 DEBUG    root            No implementation for release track [GA] in file: [/usr/lib/google-cloud-sdk/lib/surface/emulators/__init__.pyc]
2017-03-27 23:38:18,231 DEBUG    root            Loaded Command Group: ['gcloud', 'auth']
2017-03-27 23:38:18,232 DEBUG    root            No implementation for release track [GA] in file: [/usr/lib/google-cloud-sdk/lib/surface/search_help.pyc]
2017-03-27 23:38:18,233 DEBUG    root            Loaded Command Group: ['gcloud', 'sql']
2017-03-27 23:38:18,234 DEBUG    root            No implementation for release track [GA] in file: [/usr/lib/google-cloud-sdk/lib/surface/logging/__init__.pyc]
2017-03-27 23:38:18,234 DEBUG    root            No implementation for release track [GA] in file: [/usr/lib/google-cloud-sdk/lib/surface/bigtable/__init__.pyc]
2017-03-27 23:38:18,234 DEBUG    root            No implementation for release track [GA] in file: [/usr/lib/google-cloud-sdk/lib/surface/resource_manager/__init__.pyc]
2017-03-27 23:38:18,235 DEBUG    root            Loaded Command Group: ['gcloud', 'organizations']
2017-03-27 23:38:18,236 DEBUG    root            Loaded Command Group: ['gcloud', 'compute']
2017-03-27 23:38:18,238 DEBUG    root            Loaded Command Group: ['gcloud', 'service_management']
2017-03-27 23:38:18,239 DEBUG    root            Loaded Command Group: ['gcloud', 'dataflow']
2017-03-27 23:38:18,240 DEBUG    root            No implementation for release track [GA] in file: [/usr/lib/google-cloud-sdk/lib/surface/ml/__init__.pyc]
2017-03-27 23:38:18,240 DEBUG    root            Loaded Command Group: ['gcloud', 'components']
2017-03-27 23:38:18,241 DEBUG    root            Loaded Command Group: ['gcloud', 'debug']
2017-03-27 23:38:18,243 DEBUG    root            Loaded Command Group: ['gcloud', 'docker']
2017-03-27 23:38:18,246 DEBUG    root            Loaded Command Group: ['gcloud', 'deployment_manager']
2017-03-27 23:38:18,247 ERROR    root            (gcloud) Invalid choice: 'computer'. Did you mean 'compute'?
2017-03-27 23:38:18,253 DEBUG    root            Metrics reporting process started...
